<?xml version="1.0" encoding="UTF-8"?>
<!-- Generated by org.testng.reporters.JUnitReportReporter -->
<testsuite skipped="0" hostname="BLR-SOFT--68" name="jdwebautomatn.TestExecution" tests="3" failures="0" timestamp="10 Sep 2018 06:25:39 GMT" time="316.680" errors="0">
  <testcase name="hotelAutomation_Redirections" time="32.367" classname="jdwebautomatn.TestExecution"/>
  <testcase name="hotelAutomation_Hotelsearch_DetailsPage_MetaPrice" time="40.184" classname="jdwebautomatn.TestExecution"/>
  <testcase name="hotelAutomation_CitySearch_Resultpage_MetaPrice" time="244.129" classname="jdwebautomatn.TestExecution"/>
</testsuite> <!-- jdwebautomatn.TestExecution -->
